<?xml version="1.0" encoding="UTF-8"?>
<!-- Generated by org.testng.reporters.JUnitXMLReporter -->
<testsuite ignored="5" hostname="DESKTOP-LV8FH3S" failures="0" tests="6" name="Test" time="75.027" errors="0" timestamp="2023-01-08T14:32:28 IST">
  <testcase classname="TestCases.InventoryPageTest" name="verifyLinkdlinLogoTest" time="0.222"/>
  <testcase classname="TestCases.InventoryPageTest" name="verifyPeekLogoTest" time="0.099"/>
  <testcase classname="TestCases.InventoryPageTest" name="verifyFacebookLogoTest" time="0.105"/>
  <testcase classname="TestCases.InventoryPageTest" name="verifyAddToProductTest" time="10.7"/>
  <testcase classname="TestCases.LoginPageTest" name="verifyLoginLogoTest" time="3.166"/>
  <testcase classname="TestCases.LoginPageTest" name="verifycurrentrl" time="3.023"/>
  <testcase classname="TestCases.LoginPageTest" name="verifyLoginToAll" time="0.0">
    <ignored/>
  </testcase> <!-- verifyLoginToAll -->
  <testcase classname="TestCases.LoginPageTest" name="verifyBotLogoTest" time="0.0">
    <ignored/>
  </testcase> <!-- verifyBotLogoTest -->
  <testcase classname="TestCases.InventoryPageTest" name="verifyTwitterLogoTest" time="0.0">
    <ignored/>
  </testcase> <!-- verifyTwitterLogoTest -->
  <testcase classname="TestCases.LoginPageTest" name="verifyTitleTest" time="0.0">
    <ignored/>
  </testcase> <!-- verifyTitleTest -->
  <testcase classname="TestCases.LoginPageTest" name="verifyInventoryTest" time="0.0">
    <ignored/>
  </testcase> <!-- verifyInventoryTest -->
</testsuite> <!-- Test -->
