<?xml version="1.0" encoding="UTF-8"?>
<testng-results ignored="5" total="11" passed="6" failed="0" skipped="0">
  <reporter-output>
    <line>
      <![CDATA[LinkdlinLogo test Verify = true]]>
    </line>
    <line>
      <![CDATA[PeekLogo test Verify = true]]>
    </line>
    <line>
      <![CDATA[facebookLogo test Verify = true]]>
    </line>
    <line>
      <![CDATA[Add to Product test = 3]]>
    </line>
  </reporter-output>
  <suite started-at="2023-01-08T14:31:13 IST" name="Suite" finished-at="2023-01-08T14:32:28 IST" duration-ms="75027">
    <groups>
      <group name="regression">
        <method signature="InventoryPageTest.verifyAddToProductTest()[pri:3, instance:TestCases.InventoryPageTest@69e1dd28]" name="verifyAddToProductTest" class="TestCases.InventoryPageTest"/>
      </group> <!-- regression -->
      <group name="smoke">
        <method signature="InventoryPageTest.verifyLinkdlinLogoTest()[pri:0, instance:TestCases.InventoryPageTest@69e1dd28]" name="verifyLinkdlinLogoTest" class="TestCases.InventoryPageTest"/>
        <method signature="InventoryPageTest.verifyPeekLogoTest()[pri:1, instance:TestCases.InventoryPageTest@69e1dd28]" name="verifyPeekLogoTest" class="TestCases.InventoryPageTest"/>
      </group> <!-- smoke -->
      <group name="sanity">
        <method signature="LoginPageTest.verifyLoginLogoTest()[pri:0, instance:TestCases.LoginPageTest@11bd0f3b]" name="verifyLoginLogoTest" class="TestCases.LoginPageTest"/>
        <method signature="LoginPageTest.verifycurrentrl()[pri:0, instance:TestCases.LoginPageTest@11bd0f3b]" name="verifycurrentrl" class="TestCases.LoginPageTest"/>
      </group> <!-- sanity -->
    </groups>
    <test started-at="2023-01-08T14:31:13 IST" name="Test" finished-at="2023-01-08T14:32:28 IST" duration-ms="75027">
      <class name="TestCases.LoginPageTest">
        <test-method is-config="true" signature="setup()[pri:0, instance:TestCases.LoginPageTest@11bd0f3b]" started-at="2023-01-08T14:31:54 IST" name="setup" finished-at="2023-01-08T14:32:09 IST" duration-ms="14218" status="PASS">
          <reporter-output>
          </reporter-output>
        </test-method> <!-- setup -->
        <test-method signature="verifyLoginLogoTest()[pri:0, instance:TestCases.LoginPageTest@11bd0f3b]" started-at="2023-01-08T14:32:09 IST" name="verifyLoginLogoTest" finished-at="2023-01-08T14:32:12 IST" duration-ms="3166" status="PASS">
          <reporter-output>
          </reporter-output>
        </test-method> <!-- verifyLoginLogoTest -->
        <test-method is-config="true" signature="closeBrowser(org.testng.ITestResult)[pri:0, instance:TestCases.LoginPageTest@11bd0f3b]" started-at="2023-01-08T14:32:12 IST" name="closeBrowser" finished-at="2023-01-08T14:32:12 IST" duration-ms="326" status="PASS">
          <params>
            <param index="0">
              <value>
                <![CDATA[[TestResult name=verifyLoginLogoTest status=SUCCESS method=LoginPageTest.verifyLoginLogoTest()[pri:0, instance:TestCases.LoginPageTest@11bd0f3b] output={null}]]]>
              </value>
            </param>
          </params>
          <reporter-output>
          </reporter-output>
        </test-method> <!-- closeBrowser -->
        <test-method is-config="true" signature="setup()[pri:0, instance:TestCases.LoginPageTest@11bd0f3b]" started-at="2023-01-08T14:32:12 IST" name="setup" finished-at="2023-01-08T14:32:24 IST" duration-ms="12084" status="PASS">
          <reporter-output>
          </reporter-output>
        </test-method> <!-- setup -->
        <test-method signature="verifycurrentrl()[pri:0, instance:TestCases.LoginPageTest@11bd0f3b]" started-at="2023-01-08T14:32:24 IST" name="verifycurrentrl" finished-at="2023-01-08T14:32:27 IST" duration-ms="3023" status="PASS">
          <reporter-output>
          </reporter-output>
        </test-method> <!-- verifycurrentrl -->
        <test-method is-config="true" signature="closeBrowser(org.testng.ITestResult)[pri:0, instance:TestCases.LoginPageTest@11bd0f3b]" started-at="2023-01-08T14:32:27 IST" name="closeBrowser" finished-at="2023-01-08T14:32:28 IST" duration-ms="300" status="PASS">
          <params>
            <param index="0">
              <value>
                <![CDATA[[TestResult name=verifycurrentrl status=SUCCESS method=LoginPageTest.verifycurrentrl()[pri:0, instance:TestCases.LoginPageTest@11bd0f3b] output={null}]]]>
              </value>
            </param>
          </params>
          <reporter-output>
          </reporter-output>
        </test-method> <!-- closeBrowser -->
      </class> <!-- TestCases.LoginPageTest -->
      <class name="TestCases.InventoryPageTest">
        <test-method is-config="true" signature="setup()[pri:0, instance:TestCases.InventoryPageTest@69e1dd28]" started-at="2023-01-08T14:31:13 IST" name="setup" finished-at="2023-01-08T14:31:25 IST" duration-ms="12081" status="PASS">
          <reporter-output>
          </reporter-output>
        </test-method> <!-- setup -->
        <test-method signature="verifyLinkdlinLogoTest()[pri:0, instance:TestCases.InventoryPageTest@69e1dd28]" started-at="2023-01-08T14:31:25 IST" name="verifyLinkdlinLogoTest" finished-at="2023-01-08T14:31:25 IST" duration-ms="222" status="PASS">
          <reporter-output>
            <line>
              <![CDATA[LinkdlinLogo test Verify = true]]>
            </line>
          </reporter-output>
        </test-method> <!-- verifyLinkdlinLogoTest -->
        <test-method is-config="true" signature="closeBrowser()[pri:0, instance:TestCases.InventoryPageTest@69e1dd28]" started-at="2023-01-08T14:31:25 IST" name="closeBrowser" finished-at="2023-01-08T14:31:25 IST" duration-ms="271" status="PASS">
          <reporter-output>
          </reporter-output>
        </test-method> <!-- closeBrowser -->
        <test-method is-config="true" signature="setup()[pri:0, instance:TestCases.InventoryPageTest@69e1dd28]" started-at="2023-01-08T14:31:25 IST" name="setup" finished-at="2023-01-08T14:31:32 IST" duration-ms="6323" status="PASS">
          <reporter-output>
          </reporter-output>
        </test-method> <!-- setup -->
        <test-method signature="verifyPeekLogoTest()[pri:1, instance:TestCases.InventoryPageTest@69e1dd28]" started-at="2023-01-08T14:31:32 IST" name="verifyPeekLogoTest" finished-at="2023-01-08T14:31:32 IST" duration-ms="99" status="PASS">
          <reporter-output>
            <line>
              <![CDATA[PeekLogo test Verify = true]]>
            </line>
          </reporter-output>
        </test-method> <!-- verifyPeekLogoTest -->
        <test-method is-config="true" signature="closeBrowser()[pri:0, instance:TestCases.InventoryPageTest@69e1dd28]" started-at="2023-01-08T14:31:32 IST" name="closeBrowser" finished-at="2023-01-08T14:31:32 IST" duration-ms="626" status="PASS">
          <reporter-output>
          </reporter-output>
        </test-method> <!-- closeBrowser -->
        <test-method is-config="true" signature="setup()[pri:0, instance:TestCases.InventoryPageTest@69e1dd28]" started-at="2023-01-08T14:31:32 IST" name="setup" finished-at="2023-01-08T14:31:38 IST" duration-ms="5306" status="PASS">
          <reporter-output>
          </reporter-output>
        </test-method> <!-- setup -->
        <test-method signature="verifyFacebookLogoTest()[pri:2, instance:TestCases.InventoryPageTest@69e1dd28]" started-at="2023-01-08T14:31:38 IST" name="verifyFacebookLogoTest" finished-at="2023-01-08T14:31:38 IST" duration-ms="105" status="PASS">
          <reporter-output>
            <line>
              <![CDATA[facebookLogo test Verify = true]]>
            </line>
          </reporter-output>
        </test-method> <!-- verifyFacebookLogoTest -->
        <test-method is-config="true" signature="closeBrowser()[pri:0, instance:TestCases.InventoryPageTest@69e1dd28]" started-at="2023-01-08T14:31:38 IST" name="closeBrowser" finished-at="2023-01-08T14:31:38 IST" duration-ms="257" status="PASS">
          <reporter-output>
          </reporter-output>
        </test-method> <!-- closeBrowser -->
        <test-method is-config="true" signature="setup()[pri:0, instance:TestCases.InventoryPageTest@69e1dd28]" started-at="2023-01-08T14:31:38 IST" name="setup" finished-at="2023-01-08T14:31:43 IST" duration-ms="5442" status="PASS">
          <reporter-output>
          </reporter-output>
        </test-method> <!-- setup -->
        <test-method signature="verifyAddToProductTest()[pri:3, instance:TestCases.InventoryPageTest@69e1dd28]" started-at="2023-01-08T14:31:43 IST" name="verifyAddToProductTest" finished-at="2023-01-08T14:31:54 IST" duration-ms="10700" status="PASS">
          <reporter-output>
            <line>
              <![CDATA[Add to Product test = 3]]>
            </line>
          </reporter-output>
        </test-method> <!-- verifyAddToProductTest -->
        <test-method is-config="true" signature="closeBrowser()[pri:0, instance:TestCases.InventoryPageTest@69e1dd28]" started-at="2023-01-08T14:31:54 IST" name="closeBrowser" finished-at="2023-01-08T14:31:54 IST" duration-ms="301" status="PASS">
          <reporter-output>
          </reporter-output>
        </test-method> <!-- closeBrowser -->
      </class> <!-- TestCases.InventoryPageTest -->
    </test> <!-- Test -->
  </suite> <!-- Suite -->
</testng-results>
